/*C10*/SET SCHEMA PUBLIC
create table if not exists Event (id varchar(45), state varchar(45),timestamp DATE , type INTEGER , host VARCHAR (50))
/*C11*/SET SCHEMA PUBLIC
INSERT INTO EVENT VALUES('scsmbstgra','STARTED','2017-04-05',1,'12345')
COMMIT
DISCONNECT
/*C12*/SET SCHEMA PUBLIC
INSERT INTO EVENT VALUES('scsmbstgrb','STARTED','2017-04-05',0,NULL)
COMMIT
DISCONNECT
/*C13*/SET SCHEMA PUBLIC
INSERT INTO EVENT VALUES('scsmbstgrc','FINISHED','2017-04-05',0,NULL)
COMMIT
DISCONNECT
/*C14*/SET SCHEMA PUBLIC
INSERT INTO EVENT VALUES('scsmbstgra','FINISHED','2017-04-05',1,'12345')
COMMIT
DISCONNECT
/*C15*/SET SCHEMA PUBLIC
INSERT INTO EVENT VALUES('scsmbstgrc','STARTED','2017-04-05',0,NULL)
COMMIT
DISCONNECT
/*C16*/SET SCHEMA PUBLIC
INSERT INTO EVENT VALUES('scsmbstgrb','FINISHED','2017-04-05',0,NULL)
COMMIT
DISCONNECT
/*C17*/SET SCHEMA PUBLIC
DISCONNECT
